<?xml version="1.0" encoding="UTF-8"?>
<beans xmlns="http://www.springframework.org/schema/beans"
    xmlns:xsi="http://www.w3.org/2001/XMLSchema-instance" xmlns:context="http://www.springframework.org/schema/context"
    xmlns:tx="http://www.springframework.org/schema/tx"
    xsi:schemaLocation="http://www.springframework.org/schema/beans http://www.springframework.org/schema/beans/spring-beans.xsd
      http://www.springframework.org/schema/tx http://www.springframework.org/schema/tx/spring-tx.xsd  
      http://www.springframework.org/schema/aop http://www.springframework.org/schema/aop/spring-aop.xsd
      http://www.springframework.org/schema/context http://www.springframework.org/schema/context/spring-context.xsd">

    <context:annotation-config />

    <bean id="d1"
        class="org.springframework.jdbc.datasource.DriverManagerDataSource">
        <property name="driverClassName" value="org.hsqldb.jdbc.JDBCDriver" />
        <property name="url" value="jdbc:hsqldb:mem:d1" />
    </bean>

    <bean id="d2"
          class="org.springframework.jdbc.datasource.DriverManagerDataSource">
        <property name="driverClassName" value="org.hsqldb.jdbc.JDBCDriver" />
        <property name="url" value="jdbc:hsqldb:mem:2" />
    </bean>

    <!-- Jade -->
    <bean class="net.paoding.rose.jade.context.spring.JadeBeanFactoryPostProcessor" />
    <bean class="net.paoding.rose.jade.shard.datasource.SpringShardBeanFactoryProcessor"/>


	<bean class="net.paoding.rose.jade.shard.interceptor.ShardInterpreter">

    </bean>

</beans>  